<?xml version="1.0" encoding="UTF-8"?>
<!-- Generated by org.testng.reporters.JUnitReportReporter -->
<testsuite hostname="DESKTOP-F9KQSCF" failures="0" tests="1" name="amolseleniumfirstpack.tests.LoginErrorValidation" time="6.902" errors="0" timestamp="2022-09-26T01:00:46 IST" skipped="0">
  <testcase classname="amolseleniumfirstpack.tests.LoginErrorValidation" name="validateLogin" time="6.902"/>
  <system-out/>
</testsuite> <!-- amolseleniumfirstpack.tests.LoginErrorValidation -->
