<?xml version="1.0" encoding="UTF-8"?>
<!-- Generated by org.testng.reporters.JUnitReportReporter -->
<testsuite hostname="DESKTOP-F9KQSCF" failures="0" tests="3" name="amolseleniumfirstpack.tests.SubmitOrderTest" time="58.845" errors="0" timestamp="2022-10-12T00:02:49 IST" skipped="0">
  <testcase classname="amolseleniumfirstpack.tests.SubmitOrderTest" name="submitOrder" time="24.635"/>
  <system-out/>
  <testcase classname="amolseleniumfirstpack.tests.SubmitOrderTest" name="submitOrder" time="26.495"/>
  <system-out/>
  <testcase classname="amolseleniumfirstpack.tests.SubmitOrderTest" name="OrderHistoryTest" time="7.715"/>
  <system-out/>
</testsuite> <!-- amolseleniumfirstpack.tests.SubmitOrderTest -->
