<?xml version="1.0" encoding="UTF-8"?>
<!-- Generated by org.testng.reporters.JUnitReportReporter -->
<testsuite hostname="DESKTOP-F9KQSCF" failures="0" tests="2" name="amolseleniumfirstpack.tests.ErrorValidationsTest" time="33.224" errors="0" timestamp="2022-10-14T20:05:07 IST" skipped="0">
  <testcase classname="amolseleniumfirstpack.tests.ErrorValidationsTest" name="validateLogin" time="9.696"/>
  <system-out/>
  <testcase classname="amolseleniumfirstpack.tests.ErrorValidationsTest" name="validateCartProduct" time="23.528"/>
  <system-out/>
</testsuite> <!-- amolseleniumfirstpack.tests.ErrorValidationsTest -->
